<?xml version="1.0" encoding="UTF-8"?>
<!-- Generated by org.testng.reporters.JUnitReportReporter -->
<testsuite hostname="sebasPC" name="storm.starter.tools.SlidingWindowCounterTest" tests="15" failures="0" timestamp="19 Dec 2015 17:31:53 GMT" time="0.013" errors="0">
  <testcase name="lessThanTwoSlotsShouldThrowIAE" time="0.000" classname="storm.starter.tools.SlidingWindowCounterTest"/>
  <testcase name="lessThanTwoSlotsShouldThrowIAE" time="0.000" classname="storm.starter.tools.SlidingWindowCounterTest"/>
  <testcase name="testCounterWithSimulatedRuns" time="0.001" classname="storm.starter.tools.SlidingWindowCounterTest"/>
  <testcase name="testCounterWithSimulatedRuns" time="0.000" classname="storm.starter.tools.SlidingWindowCounterTest"/>
  <testcase name="testCounterWithSimulatedRuns" time="0.001" classname="storm.starter.tools.SlidingWindowCounterTest"/>
  <testcase name="lessThanTwoSlotsShouldThrowIAE" time="0.000" classname="storm.starter.tools.SlidingWindowCounterTest"/>
  <testcase name="newInstanceShouldHaveEmptyCounts" time="0.000" classname="storm.starter.tools.SlidingWindowCounterTest"/>
  <testcase name="twoOrMoreSlotsShouldBeValid" time="0.000" classname="storm.starter.tools.SlidingWindowCounterTest"/>
  <testcase name="testCounterWithSimulatedRuns" time="0.003" classname="storm.starter.tools.SlidingWindowCounterTest"/>
  <testcase name="lessThanTwoSlotsShouldThrowIAE" time="0.002" classname="storm.starter.tools.SlidingWindowCounterTest"/>
  <testcase name="lessThanTwoSlotsShouldThrowIAE" time="0.001" classname="storm.starter.tools.SlidingWindowCounterTest"/>
  <testcase name="twoOrMoreSlotsShouldBeValid" time="0.001" classname="storm.starter.tools.SlidingWindowCounterTest"/>
  <testcase name="lessThanTwoSlotsShouldThrowIAE" time="0.001" classname="storm.starter.tools.SlidingWindowCounterTest"/>
  <testcase name="testCounterWithSimulatedRuns" time="0.003" classname="storm.starter.tools.SlidingWindowCounterTest"/>
  <testcase name="twoOrMoreSlotsShouldBeValid" time="0.000" classname="storm.starter.tools.SlidingWindowCounterTest"/>
</testsuite> <!-- storm.starter.tools.SlidingWindowCounterTest -->
